Time run: 13 Mon Jun 13 14:05:28 GMT+00:00 2011<br/><b>TESTCASE 1</b><br/>Name: testCase1<br/>Test result: PASS<br/><br/>